<?xml version="1.0" encoding="UTF-8"?>
<testng-results ignored="0" total="1" passed="0" failed="1" skipped="0">
  <reporter-output>
  </reporter-output>
  <suite started-at="2026-02-12T00:28:19 IST" name="Default suite" finished-at="2026-02-12T00:29:15 IST" duration-ms="55863">
    <groups>
      <group name="cucumber">
        <method signature="AbstractTestNGCucumberTests.runScenario(io.cucumber.testng.PickleWrapper,io.cucumber.testng.FeatureWrapper)[pri:0, instance:cucumberoptions.TestRunner@5f9edf14]" name="runScenario" class="io.cucumber.testng.AbstractTestNGCucumberTests"/>
      </group> <!-- cucumber -->
    </groups>
    <test started-at="2026-02-12T00:28:19 IST" name="Default test" finished-at="2026-02-12T00:29:15 IST" duration-ms="55863">
      <class name="cucumberoptions.TestRunner">
        <test-method is-config="true" signature="setUpClass(org.testng.ITestContext)[pri:0, instance:cucumberoptions.TestRunner@5f9edf14]" started-at="2026-02-12T00:28:19 IST" name="setUpClass" finished-at="2026-02-12T00:28:19 IST" duration-ms="272" status="PASS">
          <params>
            <param index="0">
              <value>
                <![CDATA[org.testng.TestRunner@15f35bc3]]>
              </value>
            </param>
          </params>
          <reporter-output>
          </reporter-output>
        </test-method> <!-- setUpClass -->
        <test-method signature="runScenario(io.cucumber.testng.PickleWrapper,io.cucumber.testng.FeatureWrapper)[pri:0, instance:cucumberoptions.TestRunner@5f9edf14]" started-at="2026-02-12T00:28:19 IST" name="runScenario" description="Runs Cucumber Scenarios" data-provider="scenarios" finished-at="2026-02-12T00:29:15 IST" duration-ms="55532" status="FAIL">
          <params>
            <param index="0">
              <value>
                <![CDATA["User filters flights by departure and destination location"]]>
              </value>
            </param>
            <param index="1">
              <value>
                <![CDATA["Flight filtering by location"]]>
              </value>
            </param>
          </params>
          <exception class="java.lang.AssertionError">
            <message>
              <![CDATA[Validation failed]]>
            </message>
            <full-stacktrace>
              <![CDATA[java.lang.AssertionError: Validation failed
at org.testng.Assert.fail(Assert.java:111)
at stepdefinitions.ValidateTestAFlightSearchFilter.all_listed_flights_should_match_the_selected_locations(ValidateTestAFlightSearchFilter.java:159)
at âœ½.all listed flights should match the selected locations(file:///C:/Users/harsh/Documents/workspace-spring-tool-suite-4-4.29.1.RELEASE/testingproject/src/test/resources/features/ValidateTestAFlightSearchFilter.feature:9)
]]>
            </full-stacktrace>
          </exception> <!-- java.lang.AssertionError -->
          <reporter-output>
          </reporter-output>
        </test-method> <!-- runScenario -->
        <test-method is-config="true" signature="tearDownClass()[pri:0, instance:cucumberoptions.TestRunner@5f9edf14]" started-at="2026-02-12T00:29:15 IST" name="tearDownClass" finished-at="2026-02-12T00:29:15 IST" duration-ms="3" status="PASS">
          <reporter-output>
          </reporter-output>
        </test-method> <!-- tearDownClass -->
      </class> <!-- cucumberoptions.TestRunner -->
    </test> <!-- Default test -->
  </suite> <!-- Default suite -->
</testng-results>
