<?xml version="1.0" encoding="UTF-8"?>
<testng-results ignored="0" total="1" passed="1" failed="0" skipped="0">
  <reporter-output>
  </reporter-output>
  <suite started-at="2026-02-13T23:07:11 IST" name="Default suite" finished-at="2026-02-13T23:07:33 IST" duration-ms="22790">
    <groups>
      <group name="cucumber">
        <method signature="AbstractTestNGCucumberTests.runScenario(io.cucumber.testng.PickleWrapper,io.cucumber.testng.FeatureWrapper)[pri:0, instance:cucumberoptions.TestRunner@76b07f29]" name="runScenario" class="io.cucumber.testng.AbstractTestNGCucumberTests"/>
      </group> <!-- cucumber -->
    </groups>
    <test started-at="2026-02-13T23:07:11 IST" name="Default test" finished-at="2026-02-13T23:07:33 IST" duration-ms="22790">
      <class name="cucumberoptions.TestRunner">
        <test-method is-config="true" signature="setUpClass(org.testng.ITestContext)[pri:0, instance:cucumberoptions.TestRunner@76b07f29]" started-at="2026-02-13T23:07:11 IST" name="setUpClass" finished-at="2026-02-13T23:07:11 IST" duration-ms="209" status="PASS">
          <params>
            <param index="0">
              <value>
                <![CDATA[org.testng.TestRunner@3d8d17a3]]>
              </value>
            </param>
          </params>
          <reporter-output>
          </reporter-output>
        </test-method> <!-- setUpClass -->
        <test-method signature="runScenario(io.cucumber.testng.PickleWrapper,io.cucumber.testng.FeatureWrapper)[pri:0, instance:cucumberoptions.TestRunner@76b07f29]" started-at="2026-02-13T23:07:11 IST" name="runScenario" description="Runs Cucumber Scenarios" data-provider="scenarios" finished-at="2026-02-13T23:07:33 IST" duration-ms="22529" status="PASS">
          <params>
            <param index="0">
              <value>
                <![CDATA["User filters flights by departure and destination location"]]>
              </value>
            </param>
            <param index="1">
              <value>
                <![CDATA["Flight filtering by location"]]>
              </value>
            </param>
          </params>
          <reporter-output>
          </reporter-output>
        </test-method> <!-- runScenario -->
        <test-method is-config="true" signature="tearDownClass()[pri:0, instance:cucumberoptions.TestRunner@76b07f29]" started-at="2026-02-13T23:07:33 IST" name="tearDownClass" finished-at="2026-02-13T23:07:33 IST" duration-ms="2" status="PASS">
          <reporter-output>
          </reporter-output>
        </test-method> <!-- tearDownClass -->
      </class> <!-- cucumberoptions.TestRunner -->
    </test> <!-- Default test -->
  </suite> <!-- Default suite -->
</testng-results>
