<?xml version="1.0" encoding="UTF-8"?>
<!-- Generated by org.testng.reporters.JUnitReportReporter -->
<testsuite hostname="LAPTOP-CG2R2184" failures="1" tests="1" name="cucumberoptions.TestRunner" time="55.532" errors="0" timestamp="2026-02-12T00:29:15 IST" skipped="0">
  <testcase classname="cucumberoptions.TestRunner" name="runScenario" time="55.532">
    <failure message="Validation failed" type="java.lang.AssertionError">
      <![CDATA[java.lang.AssertionError: Validation failed
at org.testng.Assert.fail(Assert.java:111)
at stepdefinitions.ValidateTestAFlightSearchFilter.all_listed_flights_should_match_the_selected_locations(ValidateTestAFlightSearchFilter.java:159)
at âœ½.all listed flights should match the selected locations(file:///C:/Users/harsh/Documents/workspace-spring-tool-suite-4-4.29.1.RELEASE/testingproject/src/test/resources/features/ValidateTestAFlightSearchFilter.feature:9)
]]>
    </failure>
  </testcase> <!-- runScenario -->
</testsuite> <!-- cucumberoptions.TestRunner -->
